2026-04-26 09:30:52.717 -05:00 [INF] Now listening on: http://localhost:5253
2026-04-26 09:30:52.846 -05:00 [INF] Application started. Press Ctrl+C to shut down.
2026-04-26 09:30:52.848 -05:00 [INF] Hosting environment: Development
2026-04-26 09:30:52.853 -05:00 [INF] Content root path: D:\PROYECTOSWEB\QT-PROYECTO\DIRECTO\di_wari2_tarifa_engine_back\Directo.Wari.TarifaEngine\Directo.Wari.TarifaEngine.API
2026-04-26 09:30:58.751 -05:00 [INF] HTTP HEAD / responded 404 in 90.0297 ms
2026-04-26 09:31:07.921 -05:00 [ERR] Excepción no controlada: The AuthorizationPolicy named: 'DynamicAuth' was not found.
System.InvalidOperationException: The AuthorizationPolicy named: 'DynamicAuth' was not found.
   at Microsoft.AspNetCore.Authorization.AuthorizationPolicy.CombineAsync(IAuthorizationPolicyProvider policyProvider, IEnumerable`1 authorizeData, IEnumerable`1 policies)
   at Microsoft.AspNetCore.Authorization.AuthorizationMiddleware.Invoke(HttpContext context)
   at Microsoft.AspNetCore.Authentication.AuthenticationMiddleware.Invoke(HttpContext context)
   at Directo.Wari.TarifaEngine.API.Middleware.CorrelationIdMiddleware.InvokeAsync(HttpContext context) in D:\PROYECTOSWEB\QT-PROYECTO\DIRECTO\di_wari2_tarifa_engine_back\Directo.Wari.TarifaEngine\Directo.Wari.TarifaEngine.API\Middleware\CorrelationIdMiddleware.cs:line 28
   at Directo.Wari.TarifaEngine.API.Middleware.ExceptionHandlingMiddleware.InvokeAsync(HttpContext context) in D:\PROYECTOSWEB\QT-PROYECTO\DIRECTO\di_wari2_tarifa_engine_back\Directo.Wari.TarifaEngine\Directo.Wari.TarifaEngine.API\Middleware\ExceptionHandlingMiddleware.cs:line 24
2026-04-26 09:31:07.952 -05:00 [ERR] HTTP POST /api/v2/TarifaAuthorization/consultar responded 500 in 149.3174 ms
2026-04-26 09:32:13.790 -05:00 [ERR] Excepción no controlada: The AuthorizationPolicy named: 'DynamicAuth' was not found.
System.InvalidOperationException: The AuthorizationPolicy named: 'DynamicAuth' was not found.
   at Microsoft.AspNetCore.Authorization.AuthorizationPolicy.CombineAsync(IAuthorizationPolicyProvider policyProvider, IEnumerable`1 authorizeData, IEnumerable`1 policies)
   at Microsoft.AspNetCore.Authorization.AuthorizationMiddleware.Invoke(HttpContext context)
   at Microsoft.AspNetCore.Authentication.AuthenticationMiddleware.Invoke(HttpContext context)
   at Directo.Wari.TarifaEngine.API.Middleware.CorrelationIdMiddleware.InvokeAsync(HttpContext context) in D:\PROYECTOSWEB\QT-PROYECTO\DIRECTO\di_wari2_tarifa_engine_back\Directo.Wari.TarifaEngine\Directo.Wari.TarifaEngine.API\Middleware\CorrelationIdMiddleware.cs:line 28
   at Directo.Wari.TarifaEngine.API.Middleware.ExceptionHandlingMiddleware.InvokeAsync(HttpContext context) in D:\PROYECTOSWEB\QT-PROYECTO\DIRECTO\di_wari2_tarifa_engine_back\Directo.Wari.TarifaEngine\Directo.Wari.TarifaEngine.API\Middleware\ExceptionHandlingMiddleware.cs:line 24
2026-04-26 09:32:13.794 -05:00 [ERR] HTTP POST /api/v2/TarifaAuthorization/consultar responded 500 in 42.5173 ms
2026-04-26 09:33:55.473 -05:00 [INF] Now listening on: http://localhost:5253
2026-04-26 09:33:55.591 -05:00 [INF] Application started. Press Ctrl+C to shut down.
2026-04-26 09:33:55.593 -05:00 [INF] Hosting environment: Development
2026-04-26 09:33:55.597 -05:00 [INF] Content root path: D:\PROYECTOSWEB\QT-PROYECTO\DIRECTO\di_wari2_tarifa_engine_back\Directo.Wari.TarifaEngine\Directo.Wari.TarifaEngine.API
2026-04-26 09:34:01.146 -05:00 [WRN] You do not have a valid license key for the Lucky Penny software MediatR. This is allowed for development and testing scenarios. If you are running in production you are required to have a licensed version. Please visit https://luckypennysoftware.com to obtain a valid license.
2026-04-26 09:34:04.214 -05:00 [INF] HTTP HEAD / responded 404 in 1.1842 ms
2026-04-26 09:34:04.224 -05:00 [INF] WariDirecto Request: SolicitarPreciosQuery {"request":{"Anticipada":true,"AnticipadoAlMomento":true,"DtFechaServicio":"18/04/2026 22:12:00","IdCliente":0,"IdPromoActivacion":null,"LstDestinos":[{"TipoServicio":1,"OrigenLatitud":-12.029990317240982,"OrigenLongitud":-77.11623497597058,"DestinoLatitud":0,"DestinoLongitud":0,"CantidadDestino":0,"PosicionDestino":0,"IsOrigenDestinoAeropuerto":false,"DtFechaServicio":"","ModoReserva":14,"Anticipadoalmomento":false,"IsPeaje":false,"IdEmpresa":0,"IdTipoPago":0,"LstMultiPuntos":[],"LstDestinosBO":[],"Anticipada":false,"IdCliente":0,"PrimerDestino":true,"LstDestinosLejanos":[],"ZonaLatamOrigen":0,"ZonaLatamDestino":0,"CantPasajeros":0,"SoloTarifa":false,"IsPorTiempo":false,"Multidestino":false,"IdPromoActivacion":0,"IdPromocion":0,"SinDestino":false,"$type":"TarifaDestinoRequestDto"}],"ModoReserva":14,"IsPeaje":true,"IdEmpresa":0,"IdTipoPago":0,"$type":"TarifaRequestDto"},"$type":"SolicitarPreciosQuery"}
2026-04-26 09:34:09.902 -05:00 [WRN] WariDirecto Long Running Request: SolicitarPreciosQuery (5629 ms) {"request":{"Anticipada":true,"AnticipadoAlMomento":true,"DtFechaServicio":"18/04/2026 22:12:00","IdCliente":0,"IdPromoActivacion":null,"LstDestinos":[{"TipoServicio":1,"OrigenLatitud":-12.029990317240982,"OrigenLongitud":-77.11623497597058,"DestinoLatitud":0,"DestinoLongitud":0,"CantidadDestino":0,"PosicionDestino":0,"IsOrigenDestinoAeropuerto":false,"DtFechaServicio":"","ModoReserva":14,"Anticipadoalmomento":false,"IsPeaje":false,"IdEmpresa":0,"IdTipoPago":0,"LstMultiPuntos":[],"LstDestinosBO":[],"Anticipada":false,"IdCliente":0,"PrimerDestino":true,"LstDestinosLejanos":[],"ZonaLatamOrigen":0,"ZonaLatamDestino":0,"CantPasajeros":0,"SoloTarifa":false,"IsPorTiempo":false,"Multidestino":false,"IdPromoActivacion":0,"IdPromocion":0,"SinDestino":false,"$type":"TarifaDestinoRequestDto"}],"ModoReserva":14,"IsPeaje":true,"IdEmpresa":0,"IdTipoPago":0,"$type":"TarifaRequestDto"},"$type":"SolicitarPreciosQuery"}
2026-04-26 09:34:09.929 -05:00 [INF] WariDirecto Response: SolicitarPreciosQuery {"Value":{"TotalTarifa":0,"TotalIncrementoTarifa":0,"AcumDistancia":0,"IdResultado":-1,"Resultado":"Por el momento esta zona esta fuera de nuestra cobertura.(Destino)","IsAirportOrigin":null,"Abono":null,"PagoAdelantado":null,"Monto":null,"Distancia":null,"Kilometros":0,"OverviewPolyline":null,"Descuento":null,"MontoSinDescuento":null,"IsAirport":null,"IsoCountryCode":"","LstTarifa":[],"LstPromociones":[],"IdPromoActivacion":null,"ISOCountryCodeAlt":"","CurrencySymbol":"","MsjTarifa":null,"OrigenPeligro":false,"MensajeOrigenPeligro":null,"Compania":0,"RecargoHorario":0,"ValorRecargoIncremento":0,"TarifaBase":0,"TipoIncremento":0,"TieneRecargo":false,"TiempoViaje":0,"RecargoReserva":null,"TotalServicioDolares":0,"LstPeaje":[],"LstPeajeSistema":[],"$type":"TarifaResponseDto"},"IsSuccess":true,"IsFailure":false,"Error":null,"$type":"Result`1"}
2026-04-26 09:34:09.986 -05:00 [INF] HTTP POST /api/v2/TarifaAuthorization/consultar responded 200 in 8915.8471 ms
2026-04-26 09:34:37.188 -05:00 [INF] Now listening on: http://localhost:5253
2026-04-26 09:34:37.304 -05:00 [INF] Application started. Press Ctrl+C to shut down.
2026-04-26 09:34:37.308 -05:00 [INF] Hosting environment: Development
2026-04-26 09:34:37.313 -05:00 [INF] Content root path: D:\PROYECTOSWEB\QT-PROYECTO\DIRECTO\di_wari2_tarifa_engine_back\Directo.Wari.TarifaEngine\Directo.Wari.TarifaEngine.API
2026-04-26 09:34:46.459 -05:00 [INF] HTTP POST /api/v2/TarifaAuthorization/consultar responded 401 in 59.3963 ms
2026-04-26 09:42:44.941 -05:00 [INF] Now listening on: http://localhost:5253
2026-04-26 09:42:45.056 -05:00 [INF] Application started. Press Ctrl+C to shut down.
2026-04-26 09:42:45.058 -05:00 [INF] Hosting environment: Development
2026-04-26 09:42:45.059 -05:00 [INF] Content root path: D:\PROYECTOSWEB\QT-PROYECTO\DIRECTO\di_wari2_tarifa_engine_back\Directo.Wari.TarifaEngine\Directo.Wari.TarifaEngine.API
2026-04-26 09:42:49.557 -05:00 [WRN] You do not have a valid license key for the Lucky Penny software MediatR. This is allowed for development and testing scenarios. If you are running in production you are required to have a licensed version. Please visit https://luckypennysoftware.com to obtain a valid license.
2026-04-26 09:42:49.622 -05:00 [INF] WariDirecto Request: SolicitarPreciosQuery {"request":{"Anticipada":true,"AnticipadoAlMomento":true,"DtFechaServicio":"18/04/2026 22:12:00","IdCliente":0,"IdPromoActivacion":null,"LstDestinos":[{"TipoServicio":1,"OrigenLatitud":-12.029990317240982,"OrigenLongitud":-77.11623497597058,"DestinoLatitud":0,"DestinoLongitud":0,"CantidadDestino":0,"PosicionDestino":0,"IsOrigenDestinoAeropuerto":false,"DtFechaServicio":"","ModoReserva":14,"Anticipadoalmomento":false,"IsPeaje":false,"IdEmpresa":0,"IdTipoPago":0,"LstMultiPuntos":[],"LstDestinosBO":[],"Anticipada":false,"IdCliente":0,"PrimerDestino":true,"LstDestinosLejanos":[],"ZonaLatamOrigen":0,"ZonaLatamDestino":0,"CantPasajeros":0,"SoloTarifa":false,"IsPorTiempo":false,"Multidestino":false,"IdPromoActivacion":0,"IdPromocion":0,"SinDestino":false,"$type":"TarifaDestinoRequestDto"}],"ModoReserva":14,"IsPeaje":true,"IdEmpresa":0,"IdTipoPago":0,"$type":"TarifaRequestDto"},"$type":"SolicitarPreciosQuery"}
2026-04-26 09:42:55.271 -05:00 [WRN] WariDirecto Long Running Request: SolicitarPreciosQuery (5615 ms) {"request":{"Anticipada":true,"AnticipadoAlMomento":true,"DtFechaServicio":"18/04/2026 22:12:00","IdCliente":0,"IdPromoActivacion":null,"LstDestinos":[{"TipoServicio":1,"OrigenLatitud":-12.029990317240982,"OrigenLongitud":-77.11623497597058,"DestinoLatitud":0,"DestinoLongitud":0,"CantidadDestino":0,"PosicionDestino":0,"IsOrigenDestinoAeropuerto":false,"DtFechaServicio":"","ModoReserva":14,"Anticipadoalmomento":false,"IsPeaje":false,"IdEmpresa":0,"IdTipoPago":0,"LstMultiPuntos":[],"LstDestinosBO":[],"Anticipada":false,"IdCliente":0,"PrimerDestino":true,"LstDestinosLejanos":[],"ZonaLatamOrigen":0,"ZonaLatamDestino":0,"CantPasajeros":0,"SoloTarifa":false,"IsPorTiempo":false,"Multidestino":false,"IdPromoActivacion":0,"IdPromocion":0,"SinDestino":false,"$type":"TarifaDestinoRequestDto"}],"ModoReserva":14,"IsPeaje":true,"IdEmpresa":0,"IdTipoPago":0,"$type":"TarifaRequestDto"},"$type":"SolicitarPreciosQuery"}
2026-04-26 09:42:55.300 -05:00 [INF] WariDirecto Response: SolicitarPreciosQuery {"Value":{"TotalTarifa":0,"TotalIncrementoTarifa":0,"AcumDistancia":0,"IdResultado":-1,"Resultado":"Por el momento esta zona esta fuera de nuestra cobertura.(Destino)","IsAirportOrigin":null,"Abono":null,"PagoAdelantado":null,"Monto":null,"Distancia":null,"Kilometros":0,"OverviewPolyline":null,"Descuento":null,"MontoSinDescuento":null,"IsAirport":null,"IsoCountryCode":"","LstTarifa":[],"LstPromociones":[],"IdPromoActivacion":null,"ISOCountryCodeAlt":"","CurrencySymbol":"","MsjTarifa":null,"OrigenPeligro":false,"MensajeOrigenPeligro":null,"Compania":0,"RecargoHorario":0,"ValorRecargoIncremento":0,"TarifaBase":0,"TipoIncremento":0,"TieneRecargo":false,"TiempoViaje":0,"RecargoReserva":null,"TotalServicioDolares":0,"LstPeaje":[],"LstPeajeSistema":[],"$type":"TarifaResponseDto"},"IsSuccess":true,"IsFailure":false,"Error":null,"$type":"Result`1"}
2026-04-26 09:42:55.359 -05:00 [INF] HTTP POST /api/v2/TarifaAuthorization/consultar responded 200 in 5883.5641 ms
