2026-04-18 22:16:53.840 -05:00 [INF] Now listening on: http://localhost:5253
2026-04-18 22:16:54.029 -05:00 [INF] Application started. Press Ctrl+C to shut down.
2026-04-18 22:16:54.032 -05:00 [INF] Hosting environment: Development
2026-04-18 22:16:54.035 -05:00 [INF] Content root path: D:\PROYECTOSWEB\QT-PROYECTO\DIRECTO\di_wari2_tarifa_engine_back\Directo.Wari.TarifaEngine\Directo.Wari.TarifaEngine.API
2026-04-18 22:17:00.859 -05:00 [WRN] You do not have a valid license key for the Lucky Penny software MediatR. This is allowed for development and testing scenarios. If you are running in production you are required to have a licensed version. Please visit https://luckypennysoftware.com to obtain a valid license.
2026-04-18 22:17:00.932 -05:00 [INF] WariDirecto Request: SolicitarPreciosQuery {"request":{"Anticipada":true,"AnticipadoAlMomento":true,"DtFechaServicio":"18/04/2026 22:12:00","IdCliente":0,"IdPromoActivacion":null,"LstDestinos":[{"TipoServicio":1,"OrigenLatitud":-12.029990317240982,"OrigenLongitud":-77.11623497597058,"DestinoLatitud":0,"DestinoLongitud":0,"CantidadDestino":0,"PosicionDestino":0,"IsOrigenDestinoAeropuerto":false,"DtFechaServicio":"","ModoReserva":14,"Anticipadoalmomento":false,"IsPeaje":false,"IdEmpresa":0,"IdTipoPago":0,"LstMultiPuntos":[],"LstDestinosBO":[],"Anticipada":false,"IdCliente":0,"PrimerDestino":true,"LstDestinosLejanos":[],"ZonaLatamOrigen":0,"ZonaLatamDestino":0,"CantPasajeros":0,"SoloTarifa":false,"IsPorTiempo":false,"Multidestino":false,"IdPromoActivacion":0,"IdPromocion":0,"SinDestino":false,"$type":"TarifaDestinoRequestDto"}],"ModoReserva":14,"IsPeaje":true,"IdEmpresa":0,"IdTipoPago":0,"$type":"TarifaRequestDto"},"$type":"SolicitarPreciosQuery"}
2026-04-18 22:17:07.016 -05:00 [INF] HTTP HEAD / responded 404 in 76.2794 ms
2026-04-18 22:17:28.314 -05:00 [ERR] Excepción no controlada: Valor de tiempo de espera caducado. El periodo de tiempo de espera se agotó al intentar consumir la confirmación del protocolo de enlace previo al inicio de sesión. El motivo podría ser que se produjo un error en el protocolo de enlace o que el servidor no pudo responder a tiempo.  El tiempo invertido al intentar conectarse a este servidor fue: [Previo al inicio de sesión] inicialización=15707; protocolo de enlace=23; 
Microsoft.Data.SqlClient.SqlException (0x80131904): Valor de tiempo de espera caducado. El periodo de tiempo de espera se agotó al intentar consumir la confirmación del protocolo de enlace previo al inicio de sesión. El motivo podría ser que se produjo un error en el protocolo de enlace o que el servidor no pudo responder a tiempo.  El tiempo invertido al intentar conectarse a este servidor fue: [Previo al inicio de sesión] inicialización=15707; protocolo de enlace=23; 
 ---> System.ComponentModel.Win32Exception (258): Tiempo de espera de la operación de espera agotado.
   at Microsoft.Data.SqlClient.SqlInternalConnection.OnError(SqlException exception, Boolean breakConnection, Action`1 wrapCloseInAction)
   at Microsoft.Data.SqlClient.TdsParser.ThrowExceptionAndWarning(TdsParserStateObject stateObj, SqlCommand command, Boolean callerHasConnectionLock, Boolean asyncClose)
   at Microsoft.Data.SqlClient.TdsParserStateObject.ThrowExceptionAndWarning(Boolean callerHasConnectionLock, Boolean asyncClose)
   at Microsoft.Data.SqlClient.TdsParserStateObject.ReadSniError(TdsParserStateObject stateObj, UInt32 error)
   at Microsoft.Data.SqlClient.TdsParserStateObject.ReadSniSyncOverAsync()
   at Microsoft.Data.SqlClient.TdsParserStateObject.TryReadNetworkPacket()
   at Microsoft.Data.SqlClient.TdsParser.ConsumePreLoginHandshake(SqlConnectionEncryptOption encrypt, Boolean trustServerCert, Boolean integratedSecurity, Boolean& marsCapable, Boolean& fedAuthRequired, Boolean tlsFirst, String serverCertificateFilename)
   at Microsoft.Data.SqlClient.TdsParser.Connect(ServerInfo serverInfo, SqlInternalConnectionTds connHandler, TimeoutTimer timeout, SqlConnectionString connectionOptions, Boolean withFailover)
   at Microsoft.Data.SqlClient.SqlInternalConnectionTds.AttemptOneLogin(ServerInfo serverInfo, String newPassword, SecureString newSecurePassword, TimeoutTimer timeout, Boolean withFailover)
   at Microsoft.Data.SqlClient.SqlInternalConnectionTds.LoginNoFailover(ServerInfo serverInfo, String newPassword, SecureString newSecurePassword, Boolean redirectedUserInstance, SqlConnectionString connectionOptions, SqlCredential credential, TimeoutTimer timeout)
   at Microsoft.Data.SqlClient.SqlInternalConnectionTds.OpenLoginEnlist(TimeoutTimer timeout, SqlConnectionString connectionOptions, SqlCredential credential, String newPassword, SecureString newSecurePassword, Boolean redirectedUserInstance)
   at Microsoft.Data.SqlClient.SqlInternalConnectionTds..ctor(DbConnectionPoolIdentity identity, SqlConnectionString connectionOptions, SqlCredential credential, Object providerInfo, String newPassword, SecureString newSecurePassword, Boolean redirectedUserInstance, SqlConnectionString userConnectionOptions, SessionData reconnectSessionData, Boolean applyTransientFaultHandling, String accessToken, IDbConnectionPool pool, Func`3 accessTokenCallback)
   at Microsoft.Data.SqlClient.SqlConnectionFactory.CreateConnection(DbConnectionOptions options, DbConnectionPoolKey poolKey, DbConnectionPoolGroupProviderInfo poolGroupProviderInfo, IDbConnectionPool pool, DbConnection owningConnection, DbConnectionOptions userOptions)
   at Microsoft.Data.ProviderBase.DbConnectionFactory.CreatePooledConnection(IDbConnectionPool pool, DbConnection owningObject, DbConnectionOptions options, DbConnectionPoolKey poolKey, DbConnectionOptions userOptions)
   at Microsoft.Data.SqlClient.ConnectionPool.WaitHandleDbConnectionPool.CreateObject(DbConnection owningObject, DbConnectionOptions userOptions, DbConnectionInternal oldConnection)
   at Microsoft.Data.SqlClient.ConnectionPool.WaitHandleDbConnectionPool.UserCreateRequest(DbConnection owningObject, DbConnectionOptions userOptions, DbConnectionInternal oldConnection)
   at Microsoft.Data.SqlClient.ConnectionPool.WaitHandleDbConnectionPool.TryGetConnection(DbConnection owningObject, UInt32 waitForMultipleObjectsTimeout, Boolean allowCreate, Boolean onlyOneCheckConnection, DbConnectionOptions userOptions, DbConnectionInternal& connection)
   at Microsoft.Data.SqlClient.ConnectionPool.WaitHandleDbConnectionPool.WaitForPendingOpen()
--- End of stack trace from previous location ---
   at Directo.Wari.TarifaEngine.Infrastructure.SqlServer.ZonaRepository.ObtenerIdZona(Double latitud, Double longitud, CancellationToken cancellationToken) in D:\PROYECTOSWEB\QT-PROYECTO\DIRECTO\di_wari2_tarifa_engine_back\Directo.Wari.TarifaEngine\Directo.Wari.TarifaEngine.Infrastructure\SqlServer\ZonaRepository.cs:line 39
   at Directo.Wari.TarifaEngine.Infrastructure.SqlServer.ZonaRepository.ObtenerIdZona(Double latitud, Double longitud, CancellationToken cancellationToken) in D:\PROYECTOSWEB\QT-PROYECTO\DIRECTO\di_wari2_tarifa_engine_back\Directo.Wari.TarifaEngine\Directo.Wari.TarifaEngine.Infrastructure\SqlServer\ZonaRepository.cs:line 48
   at Directo.Wari.TarifaEngine.Infrastructure.SqlServer.ZonaRepository.ObtenerIdZona(Double latitud, Double longitud, CancellationToken cancellationToken) in D:\PROYECTOSWEB\QT-PROYECTO\DIRECTO\di_wari2_tarifa_engine_back\Directo.Wari.TarifaEngine\Directo.Wari.TarifaEngine.Infrastructure\SqlServer\ZonaRepository.cs:line 48
   at Directo.Wari.TarifaEngine.Application.Features.Tarifa.Queries.SolicitarPrecios.SolicitarPreciosHandler.Handle(SolicitarPreciosQuery query, CancellationToken cancellationToken) in D:\PROYECTOSWEB\QT-PROYECTO\DIRECTO\di_wari2_tarifa_engine_back\Directo.Wari.TarifaEngine\Directo.Wari.TarifaEngine.Application\Features\Tarifa\Queries\SolicitarPrecios\SolicitarPreciosHandler.cs:line 61
   at Directo.Wari.TarifaEngine.Application.Common.Behaviors.PerformanceBehavior`2.Handle(TRequest request, RequestHandlerDelegate`1 next, CancellationToken cancellationToken) in D:\PROYECTOSWEB\QT-PROYECTO\DIRECTO\di_wari2_tarifa_engine_back\Directo.Wari.TarifaEngine\Directo.Wari.TarifaEngine.Application\Common\Behaviors\PerformanceBehavior.cs:line 30
   at Directo.Wari.TarifaEngine.Application.Common.Behaviors.ValidationBehavior`2.Handle(TRequest request, RequestHandlerDelegate`1 next, CancellationToken cancellationToken) in D:\PROYECTOSWEB\QT-PROYECTO\DIRECTO\di_wari2_tarifa_engine_back\Directo.Wari.TarifaEngine\Directo.Wari.TarifaEngine.Application\Common\Behaviors\ValidationBehavior.cs:line 28
   at Directo.Wari.TarifaEngine.Application.Common.Behaviors.LoggingBehavior`2.Handle(TRequest request, RequestHandlerDelegate`1 next, CancellationToken cancellationToken) in D:\PROYECTOSWEB\QT-PROYECTO\DIRECTO\di_wari2_tarifa_engine_back\Directo.Wari.TarifaEngine\Directo.Wari.TarifaEngine.Application\Common\Behaviors\LoggingBehavior.cs:line 31
   at Directo.Wari.TarifaEngine.API.Controllers.V2.TarifaController.SolicitarPrecios(TarifaRequestDto request) in D:\PROYECTOSWEB\QT-PROYECTO\DIRECTO\di_wari2_tarifa_engine_back\Directo.Wari.TarifaEngine\Directo.Wari.TarifaEngine.API\Controllers\V2\TarifaController.cs:line 27
   at Microsoft.AspNetCore.Mvc.Infrastructure.ActionMethodExecutor.TaskOfIActionResultExecutor.Execute(ActionContext actionContext, IActionResultTypeMapper mapper, ObjectMethodExecutor executor, Object controller, Object[] arguments)
   at Microsoft.AspNetCore.Mvc.Infrastructure.ControllerActionInvoker.<InvokeActionMethodAsync>g__Awaited|12_0(ControllerActionInvoker invoker, ValueTask`1 actionResultValueTask)
   at Microsoft.AspNetCore.Mvc.Infrastructure.ControllerActionInvoker.<InvokeNextActionFilterAsync>g__Awaited|10_0(ControllerActionInvoker invoker, Task lastTask, State next, Scope scope, Object state, Boolean isCompleted)
   at Microsoft.AspNetCore.Mvc.Infrastructure.ControllerActionInvoker.Rethrow(ActionExecutedContextSealed context)
   at Microsoft.AspNetCore.Mvc.Infrastructure.ControllerActionInvoker.Next(State& next, Scope& scope, Object& state, Boolean& isCompleted)
   at Microsoft.AspNetCore.Mvc.Infrastructure.ControllerActionInvoker.<InvokeInnerFilterAsync>g__Awaited|13_0(ControllerActionInvoker invoker, Task lastTask, State next, Scope scope, Object state, Boolean isCompleted)
   at Microsoft.AspNetCore.Mvc.Infrastructure.ResourceInvoker.<InvokeFilterPipelineAsync>g__Awaited|20_0(ResourceInvoker invoker, Task lastTask, State next, Scope scope, Object state, Boolean isCompleted)
   at Microsoft.AspNetCore.Mvc.Infrastructure.ResourceInvoker.<InvokeAsync>g__Awaited|17_0(ResourceInvoker invoker, Task task, IDisposable scope)
   at Microsoft.AspNetCore.Mvc.Infrastructure.ResourceInvoker.<InvokeAsync>g__Awaited|17_0(ResourceInvoker invoker, Task task, IDisposable scope)
   at Microsoft.AspNetCore.Authorization.AuthorizationMiddleware.Invoke(HttpContext context)
   at Microsoft.AspNetCore.Authentication.AuthenticationMiddleware.Invoke(HttpContext context)
   at Directo.Wari.TarifaEngine.API.Middleware.CorrelationIdMiddleware.InvokeAsync(HttpContext context) in D:\PROYECTOSWEB\QT-PROYECTO\DIRECTO\di_wari2_tarifa_engine_back\Directo.Wari.TarifaEngine\Directo.Wari.TarifaEngine.API\Middleware\CorrelationIdMiddleware.cs:line 28
   at Directo.Wari.TarifaEngine.API.Middleware.ExceptionHandlingMiddleware.InvokeAsync(HttpContext context) in D:\PROYECTOSWEB\QT-PROYECTO\DIRECTO\di_wari2_tarifa_engine_back\Directo.Wari.TarifaEngine\Directo.Wari.TarifaEngine.API\Middleware\ExceptionHandlingMiddleware.cs:line 24
ClientConnectionId:51ba9998-aecf-4ee7-a9c3-7e705c17d9ca
Error Number:-2,State:0,Class:11
2026-04-18 22:17:28.359 -05:00 [ERR] HTTP POST /api/v2/TarifaAuthorization/consultar responded 500 in 27528.1453 ms
2026-04-18 22:17:35.119 -05:00 [INF] WariDirecto Request: SolicitarPreciosQuery {"request":{"Anticipada":true,"AnticipadoAlMomento":true,"DtFechaServicio":"18/04/2026 22:12:00","IdCliente":0,"IdPromoActivacion":null,"LstDestinos":[{"TipoServicio":1,"OrigenLatitud":-12.029990317240982,"OrigenLongitud":-77.11623497597058,"DestinoLatitud":0,"DestinoLongitud":0,"CantidadDestino":0,"PosicionDestino":0,"IsOrigenDestinoAeropuerto":false,"DtFechaServicio":"","ModoReserva":14,"Anticipadoalmomento":false,"IsPeaje":false,"IdEmpresa":0,"IdTipoPago":0,"LstMultiPuntos":[],"LstDestinosBO":[],"Anticipada":false,"IdCliente":0,"PrimerDestino":true,"LstDestinosLejanos":[],"ZonaLatamOrigen":0,"ZonaLatamDestino":0,"CantPasajeros":0,"SoloTarifa":false,"IsPorTiempo":false,"Multidestino":false,"IdPromoActivacion":0,"IdPromocion":0,"SinDestino":false,"$type":"TarifaDestinoRequestDto"}],"ModoReserva":14,"IsPeaje":true,"IdEmpresa":0,"IdTipoPago":0,"$type":"TarifaRequestDto"},"$type":"SolicitarPreciosQuery"}
2026-04-18 22:17:39.144 -05:00 [WRN] WariDirecto Long Running Request: SolicitarPreciosQuery (3968 ms) {"request":{"Anticipada":true,"AnticipadoAlMomento":true,"DtFechaServicio":"18/04/2026 22:12:00","IdCliente":0,"IdPromoActivacion":null,"LstDestinos":[{"TipoServicio":1,"OrigenLatitud":-12.029990317240982,"OrigenLongitud":-77.11623497597058,"DestinoLatitud":0,"DestinoLongitud":0,"CantidadDestino":0,"PosicionDestino":0,"IsOrigenDestinoAeropuerto":false,"DtFechaServicio":"","ModoReserva":14,"Anticipadoalmomento":false,"IsPeaje":false,"IdEmpresa":0,"IdTipoPago":0,"LstMultiPuntos":[],"LstDestinosBO":[],"Anticipada":false,"IdCliente":0,"PrimerDestino":true,"LstDestinosLejanos":[],"ZonaLatamOrigen":0,"ZonaLatamDestino":0,"CantPasajeros":0,"SoloTarifa":false,"IsPorTiempo":false,"Multidestino":false,"IdPromoActivacion":0,"IdPromocion":0,"SinDestino":false,"$type":"TarifaDestinoRequestDto"}],"ModoReserva":14,"IsPeaje":true,"IdEmpresa":0,"IdTipoPago":0,"$type":"TarifaRequestDto"},"$type":"SolicitarPreciosQuery"}
2026-04-18 22:17:39.191 -05:00 [INF] WariDirecto Response: SolicitarPreciosQuery {"Value":null,"IsSuccess":false,"IsFailure":true,"Error":{"Code":"Error.Validation","Message":"Las cordenadas para Origen y Destino no deben ser 0.","IdResultado":null,"$type":"Error"},"$type":"Result`1"}
2026-04-18 22:17:39.229 -05:00 [INF] HTTP POST /api/v2/TarifaAuthorization/consultar responded 400 in 4112.1251 ms
2026-04-18 22:17:59.848 -05:00 [INF] WariDirecto Request: SolicitarPreciosQuery {"request":{"Anticipada":true,"AnticipadoAlMomento":true,"DtFechaServicio":"18/04/2026 22:12:00","IdCliente":0,"IdPromoActivacion":null,"LstDestinos":[{"TipoServicio":1,"OrigenLatitud":-12.029990317240982,"OrigenLongitud":-77.11623497597058,"DestinoLatitud":0,"DestinoLongitud":0,"CantidadDestino":0,"PosicionDestino":0,"IsOrigenDestinoAeropuerto":false,"DtFechaServicio":"","ModoReserva":14,"Anticipadoalmomento":false,"IsPeaje":false,"IdEmpresa":0,"IdTipoPago":0,"LstMultiPuntos":[],"LstDestinosBO":[],"Anticipada":false,"IdCliente":0,"PrimerDestino":true,"LstDestinosLejanos":[],"ZonaLatamOrigen":0,"ZonaLatamDestino":0,"CantPasajeros":0,"SoloTarifa":false,"IsPorTiempo":false,"Multidestino":false,"IdPromoActivacion":0,"IdPromocion":0,"SinDestino":false,"$type":"TarifaDestinoRequestDto"}],"ModoReserva":14,"IsPeaje":true,"IdEmpresa":0,"IdTipoPago":0,"$type":"TarifaRequestDto"},"$type":"SolicitarPreciosQuery"}
2026-04-18 22:18:17.772 -05:00 [WRN] WariDirecto Long Running Request: SolicitarPreciosQuery (17899 ms) {"request":{"Anticipada":true,"AnticipadoAlMomento":true,"DtFechaServicio":"18/04/2026 22:12:00","IdCliente":0,"IdPromoActivacion":null,"LstDestinos":[{"TipoServicio":1,"OrigenLatitud":-12.029990317240982,"OrigenLongitud":-77.11623497597058,"DestinoLatitud":0,"DestinoLongitud":0,"CantidadDestino":0,"PosicionDestino":0,"IsOrigenDestinoAeropuerto":false,"DtFechaServicio":"","ModoReserva":14,"Anticipadoalmomento":false,"IsPeaje":false,"IdEmpresa":0,"IdTipoPago":0,"LstMultiPuntos":[],"LstDestinosBO":[],"Anticipada":false,"IdCliente":0,"PrimerDestino":true,"LstDestinosLejanos":[],"ZonaLatamOrigen":0,"ZonaLatamDestino":0,"CantPasajeros":0,"SoloTarifa":false,"IsPorTiempo":false,"Multidestino":false,"IdPromoActivacion":0,"IdPromocion":0,"SinDestino":false,"$type":"TarifaDestinoRequestDto"}],"ModoReserva":14,"IsPeaje":true,"IdEmpresa":0,"IdTipoPago":0,"$type":"TarifaRequestDto"},"$type":"SolicitarPreciosQuery"}
2026-04-18 22:18:17.804 -05:00 [INF] WariDirecto Response: SolicitarPreciosQuery {"Value":null,"IsSuccess":false,"IsFailure":true,"Error":{"Code":"Error.Validation","Message":"Las cordenadas para Origen y Destino no deben ser 0.","IdResultado":null,"$type":"Error"},"$type":"Result`1"}
2026-04-18 22:18:17.812 -05:00 [INF] HTTP POST /api/v2/TarifaAuthorization/consultar responded 400 in 17970.0328 ms
2026-04-18 22:20:52.823 -05:00 [INF] Now listening on: http://localhost:5253
2026-04-18 22:20:52.943 -05:00 [INF] Application started. Press Ctrl+C to shut down.
2026-04-18 22:20:52.945 -05:00 [INF] Hosting environment: Development
2026-04-18 22:20:52.946 -05:00 [INF] Content root path: D:\PROYECTOSWEB\QT-PROYECTO\DIRECTO\di_wari2_tarifa_engine_back\Directo.Wari.TarifaEngine\Directo.Wari.TarifaEngine.API
2026-04-18 22:21:09.529 -05:00 [INF] Now listening on: http://localhost:5253
2026-04-18 22:21:09.660 -05:00 [INF] Application started. Press Ctrl+C to shut down.
2026-04-18 22:21:09.663 -05:00 [INF] Hosting environment: Development
2026-04-18 22:21:09.665 -05:00 [INF] Content root path: D:\PROYECTOSWEB\QT-PROYECTO\DIRECTO\di_wari2_tarifa_engine_back\Directo.Wari.TarifaEngine\Directo.Wari.TarifaEngine.API
2026-04-18 22:21:14.370 -05:00 [WRN] You do not have a valid license key for the Lucky Penny software MediatR. This is allowed for development and testing scenarios. If you are running in production you are required to have a licensed version. Please visit https://luckypennysoftware.com to obtain a valid license.
2026-04-18 22:21:14.448 -05:00 [INF] WariDirecto Request: SolicitarPreciosQuery {"request":{"Anticipada":true,"AnticipadoAlMomento":true,"DtFechaServicio":"18/04/2026 22:12:00","IdCliente":0,"IdPromoActivacion":null,"LstDestinos":[{"TipoServicio":1,"OrigenLatitud":-12.029990317240982,"OrigenLongitud":-77.11623497597058,"DestinoLatitud":0,"DestinoLongitud":0,"CantidadDestino":0,"PosicionDestino":0,"IsOrigenDestinoAeropuerto":false,"DtFechaServicio":"","ModoReserva":14,"Anticipadoalmomento":false,"IsPeaje":false,"IdEmpresa":0,"IdTipoPago":0,"LstMultiPuntos":[],"LstDestinosBO":[],"Anticipada":false,"IdCliente":0,"PrimerDestino":true,"LstDestinosLejanos":[],"ZonaLatamOrigen":0,"ZonaLatamDestino":0,"CantPasajeros":0,"SoloTarifa":false,"IsPorTiempo":false,"Multidestino":false,"IdPromoActivacion":0,"IdPromocion":0,"SinDestino":false,"$type":"TarifaDestinoRequestDto"}],"ModoReserva":14,"IsPeaje":true,"IdEmpresa":0,"IdTipoPago":0,"$type":"TarifaRequestDto"},"$type":"SolicitarPreciosQuery"}
2026-04-18 22:21:16.906 -05:00 [WRN] WariDirecto Long Running Request: SolicitarPreciosQuery (2401 ms) {"request":{"Anticipada":true,"AnticipadoAlMomento":true,"DtFechaServicio":"18/04/2026 22:12:00","IdCliente":0,"IdPromoActivacion":null,"LstDestinos":[{"TipoServicio":1,"OrigenLatitud":-12.029990317240982,"OrigenLongitud":-77.11623497597058,"DestinoLatitud":0,"DestinoLongitud":0,"CantidadDestino":0,"PosicionDestino":0,"IsOrigenDestinoAeropuerto":false,"DtFechaServicio":"","ModoReserva":14,"Anticipadoalmomento":false,"IsPeaje":false,"IdEmpresa":0,"IdTipoPago":0,"LstMultiPuntos":[],"LstDestinosBO":[],"Anticipada":false,"IdCliente":0,"PrimerDestino":true,"LstDestinosLejanos":[],"ZonaLatamOrigen":0,"ZonaLatamDestino":0,"CantPasajeros":0,"SoloTarifa":false,"IsPorTiempo":false,"Multidestino":false,"IdPromoActivacion":0,"IdPromocion":0,"SinDestino":false,"$type":"TarifaDestinoRequestDto"}],"ModoReserva":14,"IsPeaje":true,"IdEmpresa":0,"IdTipoPago":0,"$type":"TarifaRequestDto"},"$type":"SolicitarPreciosQuery"}
2026-04-18 22:21:16.945 -05:00 [INF] WariDirecto Response: SolicitarPreciosQuery {"Value":{"TotalTarifa":0,"TotalIncrementoTarifa":0,"AcumDistancia":0,"IdResultado":-1,"Resultado":"feafaew","IsAirportOrigin":null,"Abono":null,"PagoAdelantado":null,"Monto":null,"Distancia":null,"Kilometros":0,"OverviewPolyline":null,"Descuento":null,"MontoSinDescuento":null,"IsAirport":null,"IsoCountryCode":"","LstTarifa":[],"LstPromociones":[],"IdPromoActivacion":null,"ISOCountryCodeAlt":"","CurrencySymbol":"","MsjTarifa":null,"OrigenPeligro":false,"MensajeOrigenPeligro":null,"Compania":0,"RecargoHorario":0,"ValorRecargoIncremento":0,"TarifaBase":0,"TipoIncremento":0,"TieneRecargo":false,"TiempoViaje":0,"RecargoReserva":null,"TotalServicioDolares":0,"LstPeaje":[],"LstPeajeSistema":[],"$type":"TarifaResponseDto"},"IsSuccess":true,"IsFailure":false,"Error":null,"$type":"Result`1"}
2026-04-18 22:21:17.014 -05:00 [INF] HTTP POST /api/v2/TarifaAuthorization/consultar responded 200 in 2673.9374 ms
2026-04-18 22:22:10.973 -05:00 [INF] Now listening on: http://localhost:5253
2026-04-18 22:22:11.240 -05:00 [INF] Application started. Press Ctrl+C to shut down.
2026-04-18 22:22:11.243 -05:00 [INF] Hosting environment: Development
2026-04-18 22:22:11.247 -05:00 [INF] Content root path: D:\PROYECTOSWEB\QT-PROYECTO\DIRECTO\di_wari2_tarifa_engine_back\Directo.Wari.TarifaEngine\Directo.Wari.TarifaEngine.API
2026-04-18 22:23:36.783 -05:00 [INF] HTTP OPTIONS /api/v2/tarifaAuthorization/consultar responded 204 in 4.5403 ms
2026-04-18 22:23:36.835 -05:00 [WRN] You do not have a valid license key for the Lucky Penny software MediatR. This is allowed for development and testing scenarios. If you are running in production you are required to have a licensed version. Please visit https://luckypennysoftware.com to obtain a valid license.
2026-04-18 22:23:36.901 -05:00 [INF] WariDirecto Request: SolicitarPreciosQuery {"request":{"Anticipada":true,"AnticipadoAlMomento":true,"DtFechaServicio":"18/04/2026 22:23:00","IdCliente":0,"IdPromoActivacion":null,"LstDestinos":[{"TipoServicio":1,"OrigenLatitud":-12.029990317240982,"OrigenLongitud":-77.11623497597058,"DestinoLatitud":0,"DestinoLongitud":0,"CantidadDestino":0,"PosicionDestino":0,"IsOrigenDestinoAeropuerto":false,"DtFechaServicio":"","ModoReserva":14,"Anticipadoalmomento":false,"IsPeaje":false,"IdEmpresa":0,"IdTipoPago":0,"LstMultiPuntos":[],"LstDestinosBO":[],"Anticipada":false,"IdCliente":0,"PrimerDestino":true,"LstDestinosLejanos":[],"ZonaLatamOrigen":0,"ZonaLatamDestino":0,"CantPasajeros":0,"SoloTarifa":false,"IsPorTiempo":false,"Multidestino":false,"IdPromoActivacion":0,"IdPromocion":0,"SinDestino":false,"$type":"TarifaDestinoRequestDto"}],"ModoReserva":14,"IsPeaje":true,"IdEmpresa":0,"IdTipoPago":0,"$type":"TarifaRequestDto"},"$type":"SolicitarPreciosQuery"}
2026-04-18 22:23:41.576 -05:00 [WRN] WariDirecto Long Running Request: SolicitarPreciosQuery (4640 ms) {"request":{"Anticipada":true,"AnticipadoAlMomento":true,"DtFechaServicio":"18/04/2026 22:23:00","IdCliente":0,"IdPromoActivacion":null,"LstDestinos":[{"TipoServicio":1,"OrigenLatitud":-12.029990317240982,"OrigenLongitud":-77.11623497597058,"DestinoLatitud":0,"DestinoLongitud":0,"CantidadDestino":0,"PosicionDestino":0,"IsOrigenDestinoAeropuerto":false,"DtFechaServicio":"","ModoReserva":14,"Anticipadoalmomento":false,"IsPeaje":false,"IdEmpresa":0,"IdTipoPago":0,"LstMultiPuntos":[],"LstDestinosBO":[],"Anticipada":false,"IdCliente":0,"PrimerDestino":true,"LstDestinosLejanos":[],"ZonaLatamOrigen":0,"ZonaLatamDestino":0,"CantPasajeros":0,"SoloTarifa":false,"IsPorTiempo":false,"Multidestino":false,"IdPromoActivacion":0,"IdPromocion":0,"SinDestino":false,"$type":"TarifaDestinoRequestDto"}],"ModoReserva":14,"IsPeaje":true,"IdEmpresa":0,"IdTipoPago":0,"$type":"TarifaRequestDto"},"$type":"SolicitarPreciosQuery"}
2026-04-18 22:23:41.612 -05:00 [INF] WariDirecto Response: SolicitarPreciosQuery {"Value":{"TotalTarifa":0,"TotalIncrementoTarifa":0,"AcumDistancia":0,"IdResultado":-1,"Resultado":"Por el momento esta zona esta fuera de nuestra cobertura.(Destino)","IsAirportOrigin":null,"Abono":null,"PagoAdelantado":null,"Monto":null,"Distancia":null,"Kilometros":0,"OverviewPolyline":null,"Descuento":null,"MontoSinDescuento":null,"IsAirport":null,"IsoCountryCode":"","LstTarifa":[],"LstPromociones":[],"IdPromoActivacion":null,"ISOCountryCodeAlt":"","CurrencySymbol":"","MsjTarifa":null,"OrigenPeligro":false,"MensajeOrigenPeligro":null,"Compania":0,"RecargoHorario":0,"ValorRecargoIncremento":0,"TarifaBase":0,"TipoIncremento":0,"TieneRecargo":false,"TiempoViaje":0,"RecargoReserva":null,"TotalServicioDolares":0,"LstPeaje":[],"LstPeajeSistema":[],"$type":"TarifaResponseDto"},"IsSuccess":true,"IsFailure":false,"Error":null,"$type":"Result`1"}
2026-04-18 22:23:41.672 -05:00 [INF] HTTP POST /api/v2/tarifaAuthorization/consultar responded 200 in 4864.8833 ms
2026-04-18 22:24:00.758 -05:00 [INF] Now listening on: http://localhost:5253
2026-04-18 22:24:00.896 -05:00 [INF] Application started. Press Ctrl+C to shut down.
2026-04-18 22:24:00.899 -05:00 [INF] Hosting environment: Development
2026-04-18 22:24:00.902 -05:00 [INF] Content root path: D:\PROYECTOSWEB\QT-PROYECTO\DIRECTO\di_wari2_tarifa_engine_back\Directo.Wari.TarifaEngine\Directo.Wari.TarifaEngine.API
