2026-06-05 08:51:42.880 -05:00 [INF] Now listening on: http://localhost:5253
2026-06-05 08:51:43.031 -05:00 [INF] Application started. Press Ctrl+C to shut down.
2026-06-05 08:51:43.033 -05:00 [INF] Hosting environment: Development
2026-06-05 08:51:43.034 -05:00 [INF] Content root path: D:\PROYECTOSWEB\QT-PROYECTO\DIRECTO\di_wari2_tarifa_engine_back\Directo.Wari.TarifaEngine\Directo.Wari.TarifaEngine.API
2026-06-05 08:51:50.539 -05:00 [INF] HTTP HEAD / responded 404 in 117.4502 ms
2026-06-05 08:55:10.255 -05:00 [INF] HTTP OPTIONS /api/v2/tarifaAuthorization/consultar responded 204 in 9.2542 ms
2026-06-05 08:55:10.365 -05:00 [WRN] You do not have a valid license key for the Lucky Penny software MediatR. This is allowed for development and testing scenarios. If you are running in production you are required to have a licensed version. Please visit https://luckypennysoftware.com to obtain a valid license.
2026-06-05 08:55:12.856 -05:00 [INF] WariDirecto Request: SolicitarPreciosQuery {"request":{"Anticipada":true,"AnticipadoAlMomento":true,"DtFechaServicio":"05/06/2026 08:54:00","IdCliente":0,"IdPromoActivacion":null,"LstDestinos":[{"TipoServicio":1,"OrigenLatitud":-12.029990317240982,"OrigenLongitud":-77.11623497597058,"DestinoLatitud":-12.0648599,"DestinoLongitud":-76.9959604,"CantidadDestino":0,"PosicionDestino":0,"IsOrigenDestinoAeropuerto":false,"DtFechaServicio":"","ModoReserva":14,"Anticipadoalmomento":false,"IsPeaje":false,"IdEmpresa":0,"IdTipoPago":0,"LstMultiPuntos":[],"LstDestinosBO":[],"Anticipada":false,"IdCliente":0,"PrimerDestino":true,"LstDestinosLejanos":[],"ZonaLatamOrigen":0,"ZonaLatamDestino":0,"CantPasajeros":0,"SoloTarifa":false,"IsPorTiempo":false,"Multidestino":false,"IdPromoActivacion":0,"IdPromocion":0,"SinDestino":false,"$type":"TarifaDestinoRequestDto"}],"ModoReserva":14,"IsPeaje":true,"IdEmpresa":0,"IdTipoPago":0,"$type":"TarifaRequestDto"},"$type":"SolicitarPreciosQuery"}
2026-06-05 08:55:17.702 -05:00 [INF] El codigo de Pais de la cobertura es: PE
2026-06-05 08:55:17.958 -05:00 [INF] ENABLE_LOGICA_TIPO_NEGOCIO is enable
2026-06-05 08:55:18.748 -05:00 [INF] SolicitarFormulaXZona beanTarifa ...
2026-06-05 08:55:18.775 -05:00 [INF] Start processing HTTP request GET http://44.241.162.119/map-service/api/direction/Search?*
2026-06-05 08:55:18.778 -05:00 [INF] Sending HTTP request GET http://44.241.162.119/map-service/api/direction/Search?*
2026-06-05 08:55:19.451 -05:00 [INF] Received HTTP response headers after 669.222ms - 200
2026-06-05 08:55:19.453 -05:00 [INF] End processing HTTP request after 680.0316ms - 200
2026-06-05 08:55:20.445 -05:00 [INF] IsZonaPeligrosa IN Latitud: -12.029990317240982, Longitud: -77.11623497597058
2026-06-05 08:55:20.543 -05:00 [INF] IsZonaPeligrosa OUT ZonaPeligrosa: false
2026-06-05 08:55:20.544 -05:00 [INF] IsZonaPeligrosa IN Latitud: -12.0648599, Longitud: -76.9959604
2026-06-05 08:55:20.655 -05:00 [INF] IsZonaPeligrosa OUT ZonaPeligrosa: false
2026-06-05 08:55:21.102 -05:00 [INF] Zonas detectadas para peaje manual: 1140,426
2026-06-05 08:55:21.105 -05:00 [INF] ListarPeajesPorZonas IN Zonas: 1140,426
2026-06-05 08:55:21.298 -05:00 [ERR] Error critico calculando Peajes Manuales: Could not find stored procedure 'NX_LISTAR_PEAJES_X_ZONAS'.
2026-06-05 08:55:21.406 -05:00 [WRN] WariDirecto Long Running Request: SolicitarPreciosQuery (8516 ms) {"request":{"Anticipada":true,"AnticipadoAlMomento":true,"DtFechaServicio":"05/06/2026 08:54:00","IdCliente":0,"IdPromoActivacion":null,"LstDestinos":[{"TipoServicio":1,"OrigenLatitud":-12.029990317240982,"OrigenLongitud":-77.11623497597058,"DestinoLatitud":-12.0648599,"DestinoLongitud":-76.9959604,"CantidadDestino":1,"PosicionDestino":0,"IsOrigenDestinoAeropuerto":false,"DtFechaServicio":"05/06/2026 08:54:00","ModoReserva":14,"Anticipadoalmomento":true,"IsPeaje":true,"IdEmpresa":0,"IdTipoPago":1,"LstMultiPuntos":[],"LstDestinosBO":[],"Anticipada":false,"IdCliente":0,"PrimerDestino":true,"LstDestinosLejanos":[],"ZonaLatamOrigen":0,"ZonaLatamDestino":0,"CantPasajeros":0,"SoloTarifa":false,"IsPorTiempo":false,"Multidestino":false,"IdPromoActivacion":0,"IdPromocion":0,"SinDestino":false,"$type":"TarifaDestinoRequestDto"}],"ModoReserva":14,"IsPeaje":true,"IdEmpresa":0,"IdTipoPago":0,"$type":"TarifaRequestDto"},"$type":"SolicitarPreciosQuery"}
2026-06-05 08:55:21.485 -05:00 [INF] WariDirecto Response: SolicitarPreciosQuery {"Value":{"TotalTarifa":75.0000,"TotalIncrementoTarifa":0,"AcumDistancia":20.7,"IdResultado":1,"Resultado":null,"IsAirportOrigin":null,"Abono":null,"PagoAdelantado":null,"Monto":null,"Distancia":null,"Kilometros":20.7,"OverviewPolyline":null,"Descuento":null,"MontoSinDescuento":null,"IsAirport":true,"IsoCountryCode":"PE","LstTarifa":[{"TotalTarifa":75.0000,"TotalIncrementoTarifa":0,"AcumDistancia":0,"IdResultado":2,"Resultado":"","IsAirportOrigin":true,"Abono":0,"PagoAdelantado":false,"Monto":75.0000,"Distancia":"20.7 km","Kilometros":20.7,"OverviewPolyline":"xvlhAhutuMpBpFHPLJPFZBdIsCrAi@n@_@xCwAlBeAdEwA`Cq@nABXB\\LRPLXnAtDVn@JPRFb@JRFTNR`@Et@MpAYb@QDMJERDRLJN`@B`@AlBObDKt@Qj@k@`CkCpLIPMFWDQPEXDXBPAP}@lC]`@mEfEs@h@q@^q@Rg@F_HFo@EKSSIS?ODONGZFRFJLHX\\BpBBt@PfCp@IfEq@jCQb@ERAlBKbBG~COjDWRAVEE}@Ac@EmA?eABi@Hk@`@cBl@yBhFcSP}@Jw@J{AhA_ULsBR?V?~AE~BG@a@}BBiBJO?Q?v@iFvBkMj@iDl@sDl@sDN{AH}A?m@CcAK{AA[c@kGQmCKkAQeC}@wLqBmKEUEgA?c@?kB?QAOCIIKc@Uw@WKKISGWg@cDg@mEQiBSiBg@kEe@iEe@iEe@kEMkAW}Bg@wEi@aF]_Di@kEu@{Ge@gEi@uEm@qEKw@Im@SaBIk@UaBQoAg@kEYiCIg@I{@Ge@Iu@YkCg@sEg@kEM_AYmCGq@KoAIwAIkD@yERmEZoEHkAL}BVeFB[B_@@[By@HgBZeGNkDJoBPeCj@wEz@iFdA{GNkAFeA?}AKsFD}@V{BHq@TmBF{@?}@KsASeA_@mAyAqEOm@IaAKmBEeACeC@WDSDMXi@j@y@rAw@h@_@h@_@lF}Db@i@R_@LW\\aATgADoAIwD?g@?i@?SAg@IwDE_C@g@RcLBiCT_B^gAhAmCPa@tBaFlCgIFQdAaDrH{SNm@XoBLuBHmIPqL?qGG{ICaALqH@g@As@C{CGiAOoAQs@O_@Yu@qCkE[aAKc@EcA@a@Dc@Ni@^s@\\a@bAy@POf@a@jAw@`B}@x@g@TOLNhAhAPJN?cBeCX@XAr@Mr@AjCNbFXpFZzBNlADP@jEHf@@d@?LBIiFpBBhA?dCr@bDr@NJTLZc@f@m@t@o@v@k@j@_@f@_@\\UvB{AzAcA~BwBb@e@`@e@^i@\\c@^e@JKLSHUTi@dCsCh@i@h@d@l@`@n@^]b@ZZh@_@~@_AhAsA^g@T]Xa@d@s@Rc@N[t@oBpB}C`@q@Xq@Ts@Tw@Rq@Pk@FSNe@Ne@HWBIDIJ]HWBMV_AH[RaAPmBLoBDg@BSFg@LkCEIG}@CID}@Bw@@WHw@DETu@HQF}@H?REHEhBy@~@_@n@WdA_@GUkA`@KUQe@O?","Descuento":0,"MontoSinDescuento":75.0000,"IsAirport":true,"IsoCountryCode":null,"LstTarifa":null,"LstPromociones":[],"IdPromoActivacion":0,"ISOCountryCodeAlt":"PE","CurrencySymbol":"S/","MsjTarifa":null,"OrigenPeligro":false,"MensajeOrigenPeligro":null,"Compania":2,"RecargoHorario":0,"ValorRecargoIncremento":0,"TarifaBase":75.0000,"TipoIncremento":0,"TieneRecargo":false,"TiempoViaje":51,"RecargoReserva":null,"TotalServicioDolares":0,"LstPeaje":null,"LstPeajeSistema":null,"DescuentoSinPromocion":false,"ZonaOrigen":"NUEVO AEROPUERTO","ZonaDestino":"SAN LUIS","ZonaOrigenId":1140,"ZonaDestinoId":426,"FormaCalculo":"","IsAirportModulo":true,"IsJockeyModulo":false,"IsAirportDestino":false,"PorcentajeRecargo":"","TiempoMinimoReserva":0,"TotalTarifaApp":75.0000,"NombrePromocion":"","DestinoPeligro":false,"Values":{"PRESUPUESTO_MENSUAL":"0","PRESUPUESTO_PENDIENTE":"0","SERVICIO_MENSUAL":"0","SERVICIO_PENDIENTE":"0"},"$type":"TarifaDetalleResponseDto"}],"LstPromociones":[],"IdPromoActivacion":null,"ISOCountryCodeAlt":"PE","CurrencySymbol":"S/","MsjTarifa":null,"OrigenPeligro":false,"MensajeOrigenPeligro":null,"Compania":2,"RecargoHorario":0,"ValorRecargoIncremento":0,"TarifaBase":75.0000,"TipoIncremento":0,"TieneRecargo":false,"TiempoViaje":51,"RecargoReserva":null,"TotalServicioDolares":0,"LstPeaje":[],"LstPeajeSistema":[],"$type":"TarifaResponseDto"},"IsSuccess":true,"IsFailure":false,"Error":null,"$type":"Result`1"}
2026-06-05 08:55:21.636 -05:00 [INF] HTTP POST /api/v2/tarifaAuthorization/consultar responded 200 in 11365.5439 ms
2026-06-05 09:14:06.059 -05:00 [INF] Now listening on: http://localhost:5253
2026-06-05 09:14:06.181 -05:00 [INF] Application started. Press Ctrl+C to shut down.
2026-06-05 09:14:06.183 -05:00 [INF] Hosting environment: Development
2026-06-05 09:14:06.185 -05:00 [INF] Content root path: D:\PROYECTOSWEB\QT-PROYECTO\DIRECTO\di_wari2_tarifa_engine_back\Directo.Wari.TarifaEngine\Directo.Wari.TarifaEngine.API
2026-06-05 09:14:28.781 -05:00 [INF] HTTP OPTIONS /api/v2/tarifaAuthorization/consultar responded 204 in 51.3014 ms
2026-06-05 09:14:28.862 -05:00 [INF] Start processing HTTP request POST http://3.84.239.221/integration-auth/Auth/postValidarToken
2026-06-05 09:14:28.867 -05:00 [INF] Sending HTTP request POST http://3.84.239.221/integration-auth/Auth/postValidarToken
2026-06-05 09:14:29.282 -05:00 [INF] Received HTTP response headers after 410.5307ms - 200
2026-06-05 09:14:29.285 -05:00 [INF] End processing HTTP request after 428.0143ms - 200
2026-06-05 09:14:29.288 -05:00 [INF] Respuesta de validación: {"resultado":1,"valor":"Token válido"}
2026-06-05 09:14:29.368 -05:00 [WRN] You do not have a valid license key for the Lucky Penny software MediatR. This is allowed for development and testing scenarios. If you are running in production you are required to have a licensed version. Please visit https://luckypennysoftware.com to obtain a valid license.
2026-06-05 09:14:44.718 -05:00 [INF] WariDirecto Request: SolicitarPreciosQuery {"request":{"Anticipada":true,"AnticipadoAlMomento":true,"DtFechaServicio":"05/06/2026 08:54:00","IdCliente":0,"IdPromoActivacion":null,"LstDestinos":[{"TipoServicio":1,"OrigenLatitud":-12.029990317240982,"OrigenLongitud":-77.11623497597058,"DestinoLatitud":-12.0648599,"DestinoLongitud":-76.9959604,"CantidadDestino":0,"PosicionDestino":0,"IsOrigenDestinoAeropuerto":false,"DtFechaServicio":"","ModoReserva":14,"Anticipadoalmomento":false,"IsPeaje":false,"IdEmpresa":0,"IdTipoPago":0,"LstMultiPuntos":[],"LstDestinosBO":[],"Anticipada":false,"IdCliente":0,"PrimerDestino":true,"LstDestinosLejanos":[],"ZonaLatamOrigen":0,"ZonaLatamDestino":0,"CantPasajeros":0,"SoloTarifa":false,"IsPorTiempo":false,"Multidestino":false,"IdPromoActivacion":0,"IdPromocion":0,"SinDestino":false,"$type":"TarifaDestinoRequestDto"}],"ModoReserva":14,"IsPeaje":true,"IdEmpresa":0,"IdTipoPago":0,"$type":"TarifaRequestDto"},"$type":"SolicitarPreciosQuery"}
2026-06-05 09:14:48.746 -05:00 [INF] El codigo de Pais de la cobertura es: PE
2026-06-05 09:14:48.753 -05:00 [INF] ENABLE_LOGICA_TIPO_NEGOCIO is enable
2026-06-05 09:14:48.878 -05:00 [INF] SolicitarFormulaXZona beanTarifa ...
2026-06-05 09:14:48.900 -05:00 [INF] Start processing HTTP request GET http://44.241.162.119/map-service/api/direction/Search?*
2026-06-05 09:14:48.902 -05:00 [INF] Sending HTTP request GET http://44.241.162.119/map-service/api/direction/Search?*
2026-06-05 09:14:49.615 -05:00 [INF] Received HTTP response headers after 711.8428ms - 200
2026-06-05 09:14:49.617 -05:00 [INF] End processing HTTP request after 716.9569ms - 200
2026-06-05 09:14:50.566 -05:00 [INF] IsZonaPeligrosa IN Latitud: -12.029990317240982, Longitud: -77.11623497597058
2026-06-05 09:14:50.662 -05:00 [INF] IsZonaPeligrosa OUT ZonaPeligrosa: false
2026-06-05 09:14:50.664 -05:00 [INF] IsZonaPeligrosa IN Latitud: -12.0648599, Longitud: -76.9959604
2026-06-05 09:14:50.762 -05:00 [INF] IsZonaPeligrosa OUT ZonaPeligrosa: false
2026-06-05 09:14:51.218 -05:00 [INF] Zonas detectadas para peaje manual: 1140,426
2026-06-05 09:14:51.221 -05:00 [INF] ListarPeajesPorZonas IN Zonas: 1140,426
2026-06-05 09:14:51.394 -05:00 [ERR] Error critico calculando Peajes Manuales: Could not find stored procedure 'NX_LISTAR_PEAJES_X_ZONAS'.
2026-06-05 09:14:51.407 -05:00 [WRN] WariDirecto Long Running Request: SolicitarPreciosQuery (6642 ms) {"request":{"Anticipada":true,"AnticipadoAlMomento":true,"DtFechaServicio":"05/06/2026 08:54:00","IdCliente":0,"IdPromoActivacion":null,"LstDestinos":[{"TipoServicio":1,"OrigenLatitud":-12.029990317240982,"OrigenLongitud":-77.11623497597058,"DestinoLatitud":-12.0648599,"DestinoLongitud":-76.9959604,"CantidadDestino":1,"PosicionDestino":0,"IsOrigenDestinoAeropuerto":false,"DtFechaServicio":"05/06/2026 08:54:00","ModoReserva":14,"Anticipadoalmomento":true,"IsPeaje":true,"IdEmpresa":0,"IdTipoPago":1,"LstMultiPuntos":[],"LstDestinosBO":[],"Anticipada":false,"IdCliente":0,"PrimerDestino":true,"LstDestinosLejanos":[],"ZonaLatamOrigen":0,"ZonaLatamDestino":0,"CantPasajeros":0,"SoloTarifa":false,"IsPorTiempo":false,"Multidestino":false,"IdPromoActivacion":0,"IdPromocion":0,"SinDestino":false,"$type":"TarifaDestinoRequestDto"}],"ModoReserva":14,"IsPeaje":true,"IdEmpresa":0,"IdTipoPago":0,"$type":"TarifaRequestDto"},"$type":"SolicitarPreciosQuery"}
2026-06-05 09:14:51.454 -05:00 [INF] WariDirecto Response: SolicitarPreciosQuery {"Value":{"TotalTarifa":75.0000,"TotalIncrementoTarifa":0,"AcumDistancia":20.6,"IdResultado":1,"Resultado":null,"IsAirportOrigin":null,"Abono":null,"PagoAdelantado":null,"Monto":null,"Distancia":null,"Kilometros":20.6,"OverviewPolyline":null,"Descuento":null,"MontoSinDescuento":null,"IsAirport":true,"IsoCountryCode":"PE","LstTarifa":[{"TotalTarifa":75.0000,"TotalIncrementoTarifa":0,"AcumDistancia":0,"IdResultado":2,"Resultado":"","IsAirportOrigin":true,"Abono":0,"PagoAdelantado":false,"Monto":75.0000,"Distancia":"20.6 km","Kilometros":20.6,"OverviewPolyline":"xvlhAhutuMpBpFHPLJPFZBdIsCrAi@n@_@xCwAlBeAdEwA`Cq@nABXB\\LRPLXnAtDVn@JPRFb@JRFTNR`@Et@MpAYb@QDMJERDRLJN`@B`@AlBObDKt@Qj@k@`CkCpLIPMFWDQPEXDXBPAP}@lC]`@mEfEs@h@q@^q@Rg@F_HFo@EKSSIS?ODONGZFRFJLHX\\BpBBt@PfCp@IfEq@jCQb@ERAlBKbBG~COjDWRAVEE}@Ac@EmA?eABi@Hk@`@cBl@yBhFcSP}@Jw@J{AhA_ULsBR?V?~AE~BG@a@}BBiBJO?Q?v@iFvBkMj@iDl@sDl@sDN{AH}A?m@CcAK{APCF?JAAYK?g@_G]uFQaDIiAEs@Eu@Eq@Gy@Eo@G}@WsAUoAQmAIuA?a@Gw@gABEgA?c@?kB?QAOCIIKc@Uw@WKKISGWg@cDg@mEQiBSiBg@kEe@iEe@iEe@kEMkAW}Bg@wEi@aF]_Di@kEu@{Ge@gEi@uEm@qEKw@Im@SaBIk@UaBQoAg@kEYiCIg@I{@Ge@Iu@YkCg@sEg@kEM_AYmCGq@KoAIwAIkD@yERmEZoEHkAL}BVeFB[B_@@[By@HgBZeGNkDJoBPeCj@wEz@iFdA{GNkAFeA?}AKsFD}@V{BHq@TmBF{@?}@KsASeA_@mAyAqEOm@IaAKmBEeACeC@WDSDMXi@j@y@rAw@h@_@h@_@lF}Db@i@R_@LW\\aATgADoAIwD?g@?i@?SAg@IwDE_C@g@RcLBiCT_B^gAhAmCPa@tBaFlCgIFQdAaDrH{SNm@XoBLuBHmIPqL?qGG{ICaALqH@g@As@C{CGiAOoAQs@O_@Yu@qCkE[aAKc@EcA@a@Dc@Ni@^s@\\a@bAy@POf@a@jAw@`B}@x@g@TOLNhAhAPJN?cBeCX@XAr@Mr@AjCNbFXpFZzBNlADP@jEHf@@d@?LBxBFvBHr@B|BDz@oAPWNWZc@f@m@t@o@v@k@j@_@f@_@\\UvB{AzAcA~BwBb@e@`@e@^i@\\c@^e@JKLSHUTi@dCsCh@i@h@d@l@`@n@^]b@ZZh@_@~@_AhAsA^g@T]Xa@d@s@Rc@N[t@oBpB}C`@q@Xq@Ts@Tw@Rq@Pk@FSNe@Ne@HWBIDIJ]HWBMV_AH[RaAPmBLoBDg@BSFg@LkCEIG}@CID}@Bw@@WHw@DETu@HQF}@H?REHEhBy@~@_@n@WdA_@GUkA`@KUQe@O?","Descuento":0,"MontoSinDescuento":75.0000,"IsAirport":true,"IsoCountryCode":null,"LstTarifa":null,"LstPromociones":[],"IdPromoActivacion":0,"ISOCountryCodeAlt":"PE","CurrencySymbol":"S/","MsjTarifa":null,"OrigenPeligro":false,"MensajeOrigenPeligro":null,"Compania":2,"RecargoHorario":0,"ValorRecargoIncremento":0,"TarifaBase":75.0000,"TipoIncremento":0,"TieneRecargo":false,"TiempoViaje":51,"RecargoReserva":null,"TotalServicioDolares":0,"LstPeaje":null,"LstPeajeSistema":null,"DescuentoSinPromocion":false,"ZonaOrigen":"NUEVO AEROPUERTO","ZonaDestino":"SAN LUIS","ZonaOrigenId":1140,"ZonaDestinoId":426,"FormaCalculo":"","IsAirportModulo":true,"IsJockeyModulo":false,"IsAirportDestino":false,"PorcentajeRecargo":"","TiempoMinimoReserva":0,"TotalTarifaApp":75.0000,"NombrePromocion":"","DestinoPeligro":false,"Values":{"PRESUPUESTO_MENSUAL":"0","PRESUPUESTO_PENDIENTE":"0","SERVICIO_MENSUAL":"0","SERVICIO_PENDIENTE":"0"},"$type":"TarifaDetalleResponseDto"}],"LstPromociones":[],"IdPromoActivacion":null,"ISOCountryCodeAlt":"PE","CurrencySymbol":"S/","MsjTarifa":null,"OrigenPeligro":false,"MensajeOrigenPeligro":null,"Compania":2,"RecargoHorario":0,"ValorRecargoIncremento":0,"TarifaBase":75.0000,"TipoIncremento":0,"TieneRecargo":false,"TiempoViaje":51,"RecargoReserva":null,"TotalServicioDolares":0,"LstPeaje":[],"LstPeajeSistema":[],"$type":"TarifaResponseDto"},"IsSuccess":true,"IsFailure":false,"Error":null,"$type":"Result`1"}
2026-06-05 09:14:51.559 -05:00 [INF] HTTP POST /api/v2/tarifaAuthorization/consultar responded 200 in 22764.0270 ms
